<?xml version="1.0" encoding="UTF-8"?>
<!-- Generated by org.testng.reporters.JUnitReportReporter -->
<testsuite hostname="LAPTOP-RT8DVNCG" name="HlaManagement.Hla" tests="1" failures="0" timestamp="3 Dec 2019 05:56:45 GMT" time="42.867" errors="0">
  <testcase name="Hla" time="42.867" classname="HlaManagement.Hla"/>
</testsuite> <!-- HlaManagement.Hla -->
