<?xml version="1.0" encoding="UTF-8"?>
<!-- Generated by org.testng.reporters.JUnitReportReporter -->
<testsuite hostname="LAPTOP-RT8DVNCG" name="inventory.CreateItem" tests="1" failures="0" timestamp="10 Dec 2020 08:27:27 GMT" time="32.870" errors="0">
  <testcase name="CreateItem" time="32.870" classname="inventory.CreateItem"/>
</testsuite> <!-- inventory.CreateItem -->
