<?xml version="1.0" encoding="UTF-8"?>
<!-- Generated by org.testng.reporters.JUnitReportReporter -->
<testsuite hostname="LAPTOP-RT8DVNCG" name="generic.Patient" tests="1" failures="0" timestamp="23 Apr 2022 12:11:21 GMT" time="65.681" errors="0">
  <testcase name="Patient" time="65.681" classname="generic.Patient"/>
</testsuite> <!-- generic.Patient -->
