<?xml version="1.0" encoding="UTF-8"?>
<!-- Generated by org.testng.reporters.JUnitReportReporter -->
<testsuite hostname="LAPTOP-RT8DVNCG" name="TestReport.DonorTestReport" tests="1" failures="0" timestamp="3 Dec 2019 06:29:58 GMT" time="149.572" errors="0">
  <testcase name="DonorTestReport" time="149.572" classname="TestReport.DonorTestReport"/>
</testsuite> <!-- TestReport.DonorTestReport -->
