<?xml version="1.0" encoding="UTF-8"?>
<!-- Generated by org.testng.reporters.JUnitReportReporter -->
<testsuite hostname="LAPTOP-RT8DVNCG" name="inventory.AddNewAssociate" tests="1" failures="0" timestamp="22 Apr 2022 08:18:52 GMT" time="68.641" errors="0">
  <testcase name="AddNewAssociate" time="68.641" classname="inventory.AddNewAssociate"/>
</testsuite> <!-- inventory.AddNewAssociate -->
