<?xml version="1.0" encoding="UTF-8"?>
<!-- Generated by org.testng.reporters.JUnitReportReporter -->
<testsuite hostname="LAPTOP-RT8DVNCG" name="PatientManagement.CheckPatient" tests="1" failures="0" timestamp="22 Apr 2022 08:26:36 GMT" time="73.538" errors="0">
  <testcase name="CheckPatient" time="73.538" classname="PatientManagement.CheckPatient"/>
</testsuite> <!-- PatientManagement.CheckPatient -->
