<?xml version="1.0" encoding="UTF-8"?>
<!-- Generated by org.testng.reporters.JUnitReportReporter -->
<testsuite hostname="LAPTOP-RT8DVNCG" name="InitialClinicalManagement.GenerateClinicalForGeneralEvaluation" tests="1" failures="0" timestamp="6 May 2022 10:22:36 GMT" time="107.233" errors="0">
  <testcase name="GenerateClinicalForGeneralEvaluation" time="107.233" classname="InitialClinicalManagement.GenerateClinicalForGeneralEvaluation"/>
</testsuite> <!-- InitialClinicalManagement.GenerateClinicalForGeneralEvaluation -->
