<?xml version="1.0" encoding="UTF-8"?>
<!-- Generated by org.testng.reporters.JUnitReportReporter -->
<testsuite hostname="LAPTOP-RT8DVNCG" name="InitialClinicalManagement.DiseaseSpecificSummary" tests="1" failures="0" timestamp="3 Dec 2019 06:21:30 GMT" time="54.697" errors="0">
  <testcase name="DiseaseSpecificSummary" time="54.697" classname="InitialClinicalManagement.DiseaseSpecificSummary"/>
</testsuite> <!-- InitialClinicalManagement.DiseaseSpecificSummary -->
