<?xml version="1.0" encoding="UTF-8"?>
<!-- Generated by org.testng.reporters.JUnitReportReporter -->
<testsuite hostname="LAPTOP-RT8DVNCG" name="InitialClinicalManagement.GeneralEvaluation" tests="1" failures="0" timestamp="3 Dec 2019 06:22:57 GMT" time="69.700" errors="0">
  <testcase name="GeneralEvaluation" time="69.700" classname="InitialClinicalManagement.GeneralEvaluation"/>
</testsuite> <!-- InitialClinicalManagement.GeneralEvaluation -->
