<?xml version="1.0" encoding="UTF-8"?>
<!-- Generated by org.testng.reporters.JUnitReportReporter -->
<testsuite hostname="LAPTOP-RT8DVNCG" name="HlaManagement.Family" tests="1" failures="0" timestamp="3 Dec 2019 05:55:31 GMT" time="108.786" errors="0">
  <testcase name="Family" time="108.786" classname="HlaManagement.Family"/>
</testsuite> <!-- HlaManagement.Family -->
