<?xml version="1.0" encoding="UTF-8"?>
<!-- Generated by org.testng.reporters.JUnitReportReporter -->
<testsuite hostname="LAPTOP-RT8DVNCG" name="PatientManagement.PatientReg" tests="1" failures="0" timestamp="22 Apr 2022 12:31:43 GMT" time="78.644" errors="0">
  <testcase name="PatientReg" time="78.644" classname="PatientManagement.PatientReg"/>
</testsuite> <!-- PatientManagement.PatientReg -->
