<?xml version="1.0" encoding="UTF-8"?>
<!-- Generated by org.testng.reporters.JUnitReportReporter -->
<testsuite hostname="LAPTOP-RT8DVNCG" name="inventory.AddNewAssociate" tests="1" failures="0" timestamp="25 Apr 2022 11:08:08 GMT" time="50.185" errors="0">
  <testcase name="AddNewAssociate" time="50.185" classname="inventory.AddNewAssociate"/>
</testsuite> <!-- inventory.AddNewAssociate -->
