<?xml version="1.0" encoding="UTF-8"?>
<!-- Generated by org.testng.reporters.JUnitReportReporter -->
<testsuite hostname="LAPTOP-RT8DVNCG" name="generic.BaseTestPateint" tests="1" failures="0" timestamp="25 Apr 2022 06:49:16 GMT" time="91.343" errors="0">
  <testcase name="BaseTestPateint" time="91.343" classname="generic.BaseTestPateint"/>
</testsuite> <!-- generic.BaseTestPateint -->
