<?xml version="1.0" encoding="UTF-8"?>
<!-- Generated by org.testng.reporters.JUnitReportReporter -->
<testsuite hostname="LAPTOP-RT8DVNCG" name="PatientManagement.CheckPatient" tests="1" failures="0" timestamp="3 Dec 2019 06:14:10 GMT" time="21.516" errors="0">
  <testcase name="CheckPatient" time="21.516" classname="PatientManagement.CheckPatient"/>
</testsuite> <!-- PatientManagement.CheckPatient -->
