<?xml version="1.0" encoding="UTF-8"?>
<!-- Generated by org.testng.reporters.JUnitReportReporter -->
<testsuite hostname="LAPTOP-RT8DVNCG" name="TestReport.GeneralEvaluationTestReport" tests="1" failures="0" timestamp="3 Dec 2019 06:32:33 GMT" time="109.031" errors="0">
  <testcase name="GeneralEvaluationTestReport" time="109.031" classname="TestReport.GeneralEvaluationTestReport"/>
</testsuite> <!-- TestReport.GeneralEvaluationTestReport -->
