<?xml version="1.0" encoding="UTF-8"?>
<!-- Generated by org.testng.reporters.JUnitReportReporter -->
<testsuite hostname="LAPTOP-RT8DVNCG" name="TreatmentPlanMedicineDelivery.Stock" tests="1" failures="0" timestamp="3 Dec 2019 05:02:14 GMT" time="204.004" errors="0">
  <testcase name="Stock" time="204.004" classname="TreatmentPlanMedicineDelivery.Stock"/>
</testsuite> <!-- TreatmentPlanMedicineDelivery.Stock -->
