<?xml version="1.0" encoding="UTF-8"?>
<!-- Generated by org.testng.reporters.JUnitReportReporter -->
<testsuite hostname="LAPTOP-RT8DVNCG" name="inventory.AddBloodProduct" tests="1" failures="0" timestamp="25 Apr 2022 10:21:39 GMT" time="72.507" errors="0">
  <testcase name="AddBloodProduct" time="72.507" classname="inventory.AddBloodProduct"/>
</testsuite> <!-- inventory.AddBloodProduct -->
