<?xml version="1.0" encoding="UTF-8"?>
<!-- Generated by org.testng.reporters.JUnitReportReporter -->
<testsuite hostname="LAPTOP-RT8DVNCG" name="inventory.AddBloodProduct" tests="1" failures="0" timestamp="24 Dec 2020 11:02:47 GMT" time="47.870" errors="0">
  <testcase name="AddBloodProduct" time="47.870" classname="inventory.AddBloodProduct"/>
</testsuite> <!-- inventory.AddBloodProduct -->
