<?xml version="1.0" encoding="UTF-8"?>
<!-- Generated by org.testng.reporters.JUnitReportReporter -->
<testsuite hostname="LAPTOP-RT8DVNCG" name="InitialClinicalManagement.NursingNodes" tests="1" failures="0" timestamp="3 Dec 2019 06:25:47 GMT" time="65.509" errors="0">
  <testcase name="NursingNodes" time="65.509" classname="InitialClinicalManagement.NursingNodes"/>
</testsuite> <!-- InitialClinicalManagement.NursingNodes -->
