<?xml version="1.0" encoding="UTF-8"?>
<!-- Generated by org.testng.reporters.JUnitReportReporter -->
<testsuite hostname="LAPTOP-RT8DVNCG" name="PatientManagement.PatientReg" tests="1" failures="0" timestamp="10 Dec 2020 08:20:12 GMT" time="46.047" errors="0">
  <testcase name="PatientReg" time="46.047" classname="PatientManagement.PatientReg"/>
</testsuite> <!-- PatientManagement.PatientReg -->
