<?xml version="1.0" encoding="UTF-8"?>
<!-- Generated by org.testng.reporters.JUnitReportReporter -->
<testsuite hostname="LAPTOP-RT8DVNCG" name="TransplantDataManagement.TransplantSummary" tests="1" failures="0" timestamp="3 Dec 2019 06:34:36 GMT" time="74.253" errors="0">
  <testcase name="TransplantSummary" time="74.253" classname="TransplantDataManagement.TransplantSummary"/>
</testsuite> <!-- TransplantDataManagement.TransplantSummary -->
