<?xml version="1.0" encoding="UTF-8"?>
<!-- Generated by org.testng.reporters.JUnitReportReporter -->
<testsuite hostname="LAPTOP-RT8DVNCG" name="InitialClinicalManagement.ConsentForPatient" tests="1" failures="0" timestamp="3 Dec 2019 05:43:14 GMT" time="42.167" errors="0">
  <testcase name="ConsentForPatient" time="42.167" classname="InitialClinicalManagement.ConsentForPatient"/>
</testsuite> <!-- InitialClinicalManagement.ConsentForPatient -->
