<?xml version="1.0" encoding="UTF-8"?>
<!-- Generated by org.testng.reporters.JUnitReportReporter -->
<testsuite hostname="LAPTOP-RT8DVNCG" name="PatientManagement.CheckPatientIndashboard" tests="1" failures="0" timestamp="22 Apr 2022 12:36:00 GMT" time="71.345" errors="0">
  <testcase name="CheckPatientIndashboard" time="71.345" classname="PatientManagement.CheckPatientIndashboard"/>
</testsuite> <!-- PatientManagement.CheckPatientIndashboard -->
