<?xml version="1.0" encoding="UTF-8"?>
<!-- Generated by org.testng.reporters.JUnitReportReporter -->
<testsuite hostname="LAPTOP-RT8DVNCG" name="InitialClinicalManagement.CreateDoctorNotes" tests="1" failures="0" timestamp="27 Apr 2022 08:11:32 GMT" time="77.699" errors="0">
  <testcase name="CreateDoctorNotes" time="77.699" classname="InitialClinicalManagement.CreateDoctorNotes"/>
</testsuite> <!-- InitialClinicalManagement.CreateDoctorNotes -->
