<?xml version="1.0" encoding="UTF-8"?>
<!-- Generated by org.testng.reporters.JUnitReportReporter -->
<testsuite hostname="LAPTOP-RT8DVNCG" name="TreatmentPlanMedicineDelivery.Consume" tests="1" failures="0" timestamp="3 Dec 2019 04:54:00 GMT" time="207.742" errors="0">
  <testcase name="Consume" time="207.742" classname="TreatmentPlanMedicineDelivery.Consume"/>
</testsuite> <!-- TreatmentPlanMedicineDelivery.Consume -->
