<?xml version="1.0" encoding="UTF-8"?>
<!-- Generated by org.testng.reporters.JUnitReportReporter -->
<testsuite hostname="LAPTOP-RT8DVNCG" name="HlaManagement.hlaForFamily" tests="1" failures="0" timestamp="3 Dec 2019 05:58:39 GMT" time="68.003" errors="0">
  <testcase name="hlaForFamily" time="68.003" classname="HlaManagement.hlaForFamily"/>
</testsuite> <!-- HlaManagement.hlaForFamily -->
