<?xml version="1.0" encoding="UTF-8"?>
<!-- Generated by org.testng.reporters.JUnitReportReporter -->
<testsuite hostname="LAPTOP-RT8DVNCG" name="InitialClinicalManagement.ClinicalCoarseNew" tests="1" failures="0" timestamp="3 Dec 2019 05:34:48 GMT" time="37.923" errors="0">
  <testcase name="ClinicalCoarseNew" time="37.923" classname="InitialClinicalManagement.ClinicalCoarseNew"/>
</testsuite> <!-- InitialClinicalManagement.ClinicalCoarseNew -->
