<?xml version="1.0" encoding="UTF-8"?>
<!-- Generated by org.testng.reporters.JUnitReportReporter -->
<testsuite hostname="LAPTOP-RT8DVNCG" name="inventory.AddNewInvestigation" tests="1" failures="0" timestamp="10 Dec 2020 08:27:27 GMT" time="42.309" errors="0">
  <testcase name="AddNewInvestigation" time="42.309" classname="inventory.AddNewInvestigation"/>
</testsuite> <!-- inventory.AddNewInvestigation -->
