<?xml version="1.0" encoding="UTF-8"?>
<!-- Generated by org.testng.reporters.JUnitReportReporter -->
<testsuite hostname="LAPTOP-RT8DVNCG" name="inventory.AddBloodProduct" tests="1" failures="0" timestamp="22 Apr 2022 08:14:35 GMT" time="83.350" errors="0">
  <testcase name="AddBloodProduct" time="83.350" classname="inventory.AddBloodProduct"/>
</testsuite> <!-- inventory.AddBloodProduct -->
