<?xml version="1.0" encoding="UTF-8"?>
<!-- Generated by org.testng.reporters.JUnitReportReporter -->
<testsuite hostname="LAPTOP-RT8DVNCG" name="TreatmentPlanMedicineDelivery.DeliverMedicine" tests="1" failures="0" timestamp="3 Dec 2019 04:57:44 GMT" time="195.922" errors="0">
  <testcase name="DeliverMedicine" time="195.922" classname="TreatmentPlanMedicineDelivery.DeliverMedicine"/>
</testsuite> <!-- TreatmentPlanMedicineDelivery.DeliverMedicine -->
