<?xml version="1.0" encoding="UTF-8"?>
<!-- Generated by org.testng.reporters.JUnitReportReporter -->
<testsuite hostname="LAPTOP-RT8DVNCG" name="TreatmentPlanMedicineDelivery.TreatmentPlanForDonor" tests="1" failures="0" timestamp="3 Dec 2019 05:03:53 GMT" time="76.120" errors="0">
  <testcase name="TreatmentPlanForDonor" time="76.120" classname="TreatmentPlanMedicineDelivery.TreatmentPlanForDonor"/>
</testsuite> <!-- TreatmentPlanMedicineDelivery.TreatmentPlanForDonor -->
