<?xml version="1.0" encoding="UTF-8"?>
<!-- Generated by org.testng.reporters.JUnitReportReporter -->
<testsuite hostname="LAPTOP-RT8DVNCG" name="InitialClinicalManagement.ClinicalCoarse" tests="1" failures="0" timestamp="27 Apr 2022 06:17:48 GMT" time="66.203" errors="0">
  <testcase name="ClinicalCoarseNew" time="66.203" classname="InitialClinicalManagement.ClinicalCoarse"/>
</testsuite> <!-- InitialClinicalManagement.ClinicalCoarse -->
