<?xml version="1.0" encoding="UTF-8"?>
<!-- Generated by org.testng.reporters.JUnitReportReporter -->
<testsuite hostname="LAPTOP-RT8DVNCG" name="InitialClinicalManagement.CreateDoctorNotes" tests="1" failures="0" timestamp="3 Dec 2019 06:19:58 GMT" time="50.124" errors="0">
  <testcase name="CreateDoctorNotes" time="50.124" classname="InitialClinicalManagement.CreateDoctorNotes"/>
</testsuite> <!-- InitialClinicalManagement.CreateDoctorNotes -->
