<?xml version="1.0" encoding="UTF-8"?>
<!-- Generated by org.testng.reporters.JUnitReportReporter -->
<testsuite hostname="LAPTOP-RT8DVNCG" name="InitialClinicalManagement.GeneralEvaluation" tests="1" failures="0" timestamp="6 May 2022 10:19:10 GMT" time="91.101" errors="0">
  <testcase name="GeneralEvaluation" time="91.101" classname="InitialClinicalManagement.GeneralEvaluation"/>
</testsuite> <!-- InitialClinicalManagement.GeneralEvaluation -->
