<?xml version="1.0" encoding="UTF-8"?>
<!-- Generated by org.testng.reporters.JUnitReportReporter -->
<testsuite hostname="LAPTOP-RT8DVNCG" name="HlaManagement.UpdateHlaStatus" tests="1" failures="0" timestamp="3 Dec 2019 06:11:57 GMT" time="74.286" errors="0">
  <testcase name="UpdateHlaStatus" time="74.286" classname="HlaManagement.UpdateHlaStatus"/>
</testsuite> <!-- HlaManagement.UpdateHlaStatus -->
